.====================================================================.
                                                                      
 .d8888b.   .o8888b.   db  .d8888b.  d8888b. d88888b d8888b.  .d888b. 
.8P    Y8. d8P    Y8   88 .8P    Y8. 88  `8D 88'     88  `8D .8P , Y8.
88      88 8P      oooo88 88      88 88oooY' 88oooo  88oobY' 88  |  88
88      88 8b      ~~~~88 88      88 88~~~b. 88~~~~  88`8b   88  |/ 88
`8b    d8' Y8b    d8   88 `8b    d8' 88   8D 88.     88 `88. `8b | d8'
 `Y8888P'   `Y8888P'   YP  `Y8888P'  Y8888P' Y88888P 88   YD  `Y888P' 
                                                                      
`========================== INSTALLATION LOG ========================'

[2016/10/06 04:11:46] Host: Darwin Mariannas-MacBook-Pro.local 16.0.0 Darwin Kernel Version 16.0.0: Mon Aug 29 17:56:20 PDT 2016; root:xnu-3789.1.32~3/RELEASE_X86_64 x86_64
[2016/10/06 04:11:46] PHP version: 5.6.10
[2016/10/06 04:11:46] Server software: Apache
[2016/10/06 04:11:46] Operating system: Darwin
[2016/10/06 04:11:46] Memory limit: 128M
[2016/10/06 04:11:46] Max execution time: 3600
.============================ POST REQUEST ==========================.
[2016/10/06 04:11:48] Postback payload: Array
(
    [code] => phpVersion
    [handler] => onCheckRequirement
)

[2016/10/06 04:11:48] System check: phpVersion
[2016/10/06 04:11:48] Requirement phpVersion +OK
[2016/10/06 04:11:48] Execute handler (onCheckRequirement): Array
(
    [result] => 1
)

.============================ POST REQUEST ==========================.
[2016/10/06 04:11:49] Postback payload: Array
(
    [code] => curlLibrary
    [handler] => onCheckRequirement
)

[2016/10/06 04:11:49] System check: curlLibrary
[2016/10/06 04:11:49] Requirement curlLibrary +OK
[2016/10/06 04:11:49] Execute handler (onCheckRequirement): Array
(
    [result] => 1
)

.============================ POST REQUEST ==========================.
[2016/10/06 04:11:49] Postback payload: Array
(
    [code] => liveConnection
    [handler] => onCheckRequirement
)

[2016/10/06 04:11:49] System check: liveConnection
[2016/10/06 04:11:50] Server request: ping
[2016/10/06 04:11:50] Request information: Array
(
    [url] => http://octobercms.com/api/ping
    [content_type] => application/json
    [http_code] => 200
    [header_size] => 773
    [request_size] => 159
    [filetime] => -1
    [ssl_verify_result] => 0
    [redirect_count] => 0
    [total_time] => 0.684095
    [namelookup_time] => 0.035099
    [connect_time] => 0.121431
    [pretransfer_time] => 0.121523
    [size_upload] => 28
    [size_download] => 14
    [speed_download] => 20
    [speed_upload] => 40
    [download_content_length] => 14
    [upload_content_length] => 28
    [starttransfer_time] => 0.683908
    [redirect_time] => 0
    [redirect_url] => 
    [primary_ip] => 2400:cb00:2048:1::6818:710c
    [certinfo] => Array
        (
        )

    [primary_port] => 80
    [local_ip] => 2804:7f4:6180:7dc8:6c71:9d94:fae2:c7
    [local_port] => 54455
)

[2016/10/06 04:11:50] Requirement liveConnection +OK
[2016/10/06 04:11:50] Execute handler (onCheckRequirement): Array
(
    [result] => 1
)

.============================ POST REQUEST ==========================.
[2016/10/06 04:11:51] Postback payload: Array
(
    [code] => writePermission
    [handler] => onCheckRequirement
)

[2016/10/06 04:11:51] System check: writePermission
[2016/10/06 04:11:51] Requirement writePermission +OK
[2016/10/06 04:11:51] Execute handler (onCheckRequirement): Array
(
    [result] => 1
)

.============================ POST REQUEST ==========================.
[2016/10/06 04:11:51] Postback payload: Array
(
    [code] => pdoLibrary
    [handler] => onCheckRequirement
)

[2016/10/06 04:11:51] System check: pdoLibrary
[2016/10/06 04:11:51] Requirement pdoLibrary +OK
[2016/10/06 04:11:51] Execute handler (onCheckRequirement): Array
(
    [result] => 1
)

.============================ POST REQUEST ==========================.
[2016/10/06 04:11:52] Postback payload: Array
(
    [code] => mbstringLibrary
    [handler] => onCheckRequirement
)

[2016/10/06 04:11:52] System check: mbstringLibrary
[2016/10/06 04:11:52] Requirement mbstringLibrary +OK
[2016/10/06 04:11:52] Execute handler (onCheckRequirement): Array
(
    [result] => 1
)

.============================ POST REQUEST ==========================.
[2016/10/06 04:11:52] Postback payload: Array
(
    [code] => sslLibrary
    [handler] => onCheckRequirement
)

[2016/10/06 04:11:52] System check: sslLibrary
[2016/10/06 04:11:52] Requirement sslLibrary +OK
[2016/10/06 04:11:52] Execute handler (onCheckRequirement): Array
(
    [result] => 1
)

.============================ POST REQUEST ==========================.
[2016/10/06 04:11:53] Postback payload: Array
(
    [code] => zipLibrary
    [handler] => onCheckRequirement
)

[2016/10/06 04:11:53] System check: zipLibrary
[2016/10/06 04:11:53] Requirement zipLibrary +OK
[2016/10/06 04:11:53] Execute handler (onCheckRequirement): Array
(
    [result] => 1
)

.============================ POST REQUEST ==========================.
[2016/10/06 04:11:53] Postback payload: Array
(
    [code] => gdLibrary
    [handler] => onCheckRequirement
)

[2016/10/06 04:11:53] System check: gdLibrary
[2016/10/06 04:11:53] Requirement gdLibrary +OK
[2016/10/06 04:11:53] Execute handler (onCheckRequirement): Array
(
    [result] => 1
)

.============================ POST REQUEST ==========================.
[2016/10/06 04:14:15] Postback payload: Array
(
    [db_type] => mysql
    [db_host] => localhost
    [db_port] => 
    [db_name] => fallindb
    [db_user] => root
    [db_pass] => *******
    [admin_first_name] => Admin
    [admin_last_name] => Person
    [admin_email] => *******@*****.com
    [admin_login] => admin
    [admin_password] => *******
    [admin_confirm_password] => *******
    [backend_uri] => /admin
    [encryption_code] => *******
    [file_mask] => 777
    [folder_mask] => 777
    [handler] => onValidateDatabase
)

.============================ POST REQUEST ==========================.
[2016/10/06 04:14:15] Postback payload: Array
(
    [db_type] => mysql
    [db_host] => localhost
    [db_port] => 
    [db_name] => fallindb
    [db_user] => root
    [db_pass] => *******
    [admin_first_name] => Admin
    [admin_last_name] => Person
    [admin_email] => *******@*****.com
    [admin_login] => admin
    [admin_password] => *******
    [admin_confirm_password] => *******
    [backend_uri] => /admin
    [encryption_code] => *******
    [file_mask] => 777
    [folder_mask] => 777
    [handler] => onValidateAdminAccount
)

.============================ POST REQUEST ==========================.
[2016/10/06 04:14:15] Postback payload: Array
(
    [db_type] => mysql
    [db_host] => localhost
    [db_port] => 
    [db_name] => fallindb
    [db_user] => root
    [db_pass] => *******
    [admin_first_name] => Admin
    [admin_last_name] => Person
    [admin_email] => *******@*****.com
    [admin_login] => admin
    [admin_password] => *******
    [admin_confirm_password] => *******
    [backend_uri] => /admin
    [encryption_code] => *******
    [file_mask] => 777
    [folder_mask] => 777
    [handler] => onValidateAdvancedConfig
)

.============================ POST REQUEST ==========================.
[2016/10/06 04:15:03] Postback payload: Array
(
    [handler] => onGetPopularThemes
)

[2016/10/06 04:15:03] Server request: theme/popular
[2016/10/06 04:15:03] Request information: Array
(
    [url] => http://octobercms.com/api/theme/popular
    [content_type] => application/json
    [http_code] => 200
    [header_size] => 777
    [request_size] => 168
    [filetime] => -1
    [ssl_verify_result] => 0
    [redirect_count] => 0
    [total_time] => 0.655955
    [namelookup_time] => 0.100791
    [connect_time] => 0.139485
    [pretransfer_time] => 0.139915
    [size_upload] => 28
    [size_download] => 1819
    [speed_download] => 2773
    [speed_upload] => 42
    [download_content_length] => 1819
    [upload_content_length] => 28
    [starttransfer_time] => 0.654563
    [redirect_time] => 0
    [redirect_url] => 
    [primary_ip] => 2400:cb00:2048:1::6818:700c
    [certinfo] => Array
        (
        )

    [primary_port] => 80
    [local_ip] => 2804:7f4:6180:7dc8:6c71:9d94:fae2:c7
    [local_port] => 54617
)

[2016/10/06 04:15:03] Execute handler (onGetPopularThemes): Array
(
    [0] => Array
        (
            [name] => Relax
            [description] => A fictional site called House of Chairs that demonstrates how to build a client-friendly website.
            [code] => RainLab.Relax
            [updated_at] => 2015-07-01 19:16:08
            [image] => http://octobercms.com/storage/app/uploads/public/559/49e/2da/thumb_2585_210x140_0_0_crop.png
            [author] => RainLab
            [hash] => a35c64b09ad6347b8a226291e5b8fd75
            [demo_url] => 
            [product_url] => http://octobercms.com/theme/rainlab-relax
        )

    [1] => Array
        (
            [name] => Vanilla
            [description] => A plain starter template that implements account management, a blog and community forum.
            [code] => RainLab.Vanilla
            [updated_at] => 2015-04-14 16:37:36
            [image] => http://octobercms.com/storage/app/uploads/public/552/da4/0f8/thumb_2106_210x140_0_0_crop.png
            [author] => RainLab
            [hash] => 4b893d1c085a298e9b9b1d13635a675f
            [demo_url] => 
            [product_url] => http://octobercms.com/theme/rainlab-vanilla
        )

    [2] => Array
        (
            [name] => Squad
            [description] => Squad is a free Bootstrap template from BootstrapTaste for creatives, with a simple and modern layout.
            [code] => FabricioRabelo.Squad
            [updated_at] => 2015-03-13 03:12:19
            [image] => http://octobercms.com/storage/app/uploads/public/550/1dc/ab8/thumb_1856_210x140_0_0_crop.png
            [author] => Fabricio Rabelo
            [hash] => 51d8895eebb41014c40666339c9547a5
            [demo_url] => http://squad.fabriciorabelo.com
            [product_url] => http://octobercms.com/theme/fabriciorabelo-squad
        )

    [3] => Array
        (
            [name] => Flat UI
            [description] => A theme that uses a Flat user-interface and has no dependencies on others plugins.
            [code] => Responsiv.Flat
            [updated_at] => 2014-07-23 21:32:51
            [image] => http://octobercms.com/storage/app/uploads/public/53d/084/fbc/thumb_543_210x140_0_0_crop.png
            [author] => Responsiv Internet
            [hash] => 463117738421d4b358accaec12d252dd
            [demo_url] => 
            [product_url] => http://octobercms.com/theme/responsiv-flat
        )

)

.============================ POST REQUEST ==========================.
[2016/10/06 04:15:08] Postback payload: Array
(
    [name] => FabricioRabelo.Squad
    [handler] => onThemeDetails
)

[2016/10/06 04:15:09] Server request: theme/detail
[2016/10/06 04:15:09] Request information: Array
(
    [url] => http://octobercms.com/api/theme/detail
    [content_type] => application/json
    [http_code] => 200
    [header_size] => 774
    [request_size] => 193
    [filetime] => -1
    [ssl_verify_result] => 0
    [redirect_count] => 0
    [total_time] => 0.779751
    [namelookup_time] => 9.2E-5
    [connect_time] => 0.135755
    [pretransfer_time] => 0.135823
    [size_upload] => 54
    [size_download] => 511
    [speed_download] => 655
    [speed_upload] => 69
    [download_content_length] => 511
    [upload_content_length] => 54
    [starttransfer_time] => 0.779713
    [redirect_time] => 0
    [redirect_url] => 
    [primary_ip] => 2400:cb00:2048:1::6818:700c
    [certinfo] => Array
        (
        )

    [primary_port] => 80
    [local_ip] => 2804:7f4:6180:7dc8:6c71:9d94:fae2:c7
    [local_port] => 54625
)

[2016/10/06 04:15:09] Execute handler (onThemeDetails): Array
(
    [name] => Squad
    [description] => Squad is a free Bootstrap template from BootstrapTaste for creatives, with a simple and modern layout.
    [code] => FabricioRabelo.Squad
    [updated_at] => 2015-03-13 03:12:19
    [image] => http://octobercms.com/storage/app/uploads/public/550/1dc/ab8/thumb_1856_210x140_0_0_crop.png
    [author] => Fabricio Rabelo
    [hash] => 51d8895eebb41014c40666339c9547a5
    [demo_url] => http://squad.fabriciorabelo.com
    [product_url] => http://octobercms.com/theme/fabriciorabelo-squad
    [require] => Array
        (
        )

)

.============================ POST REQUEST ==========================.
[2016/10/06 04:15:09] Postback payload: Array
(
    [step] => getMetaData
    [meta] => 
    [themes] => Array
        (
            [0] => Array
                (
                    [name] => Squad
                    [description] => Squad is a free Bootstrap template from BootstrapTaste for creatives, with a simple and modern layout.
                    [code] => FabricioRabelo.Squad
                    [updated_at] => 2015-03-13 03:12:19
                    [image] => http://octobercms.com/storage/app/uploads/public/550/1dc/ab8/thumb_1856_210x140_0_0_crop.png
                    [author] => Fabricio Rabelo
                    [hash] => 51d8895eebb41014c40666339c9547a5
                    [demo_url] => http://squad.fabriciorabelo.com
                    [product_url] => http://octobercms.com/theme/fabriciorabelo-squad
                )

        )

    [handler] => onInstallStep
)

[2016/10/06 04:15:09] Install step: getMetaData
[2016/10/06 04:15:09] Server request: core/install
[2016/10/06 04:15:09] Request information: Array
(
    [url] => http://octobercms.com/api/core/install
    [content_type] => application/json
    [http_code] => 200
    [header_size] => 774
    [request_size] => 202
    [filetime] => -1
    [ssl_verify_result] => 0
    [redirect_count] => 0
    [total_time] => 0.827865
    [namelookup_time] => 0.001448
    [connect_time] => 0.158324
    [pretransfer_time] => 0.158407
    [size_upload] => 63
    [size_download] => 191
    [speed_download] => 230
    [speed_upload] => 76
    [download_content_length] => 191
    [upload_content_length] => 63
    [starttransfer_time] => 0.827827
    [redirect_time] => 0
    [redirect_url] => 
    [primary_ip] => 2400:cb00:2048:1::6818:700c
    [certinfo] => Array
        (
        )

    [primary_port] => 80
    [local_ip] => 2804:7f4:6180:7dc8:6c71:9d94:fae2:c7
    [local_port] => 54626
)

[2016/10/06 04:15:09] Step getMetaData +OK
[2016/10/06 04:15:09] Execute handler (onInstallStep): Array
(
    [result] => Array
        (
            [core] => Array
                (
                    [hash] => d8d567e2cf6a4e17ae1f41ea6e5e201b
                    [build] => 365
                    [uhash] => ce29cdb155c0bf15db178efc1a1c7095
                )

            [plugins] => Array
                (
                )

            [themes] => Array
                (
                    [FabricioRabelo.Squad] => 51d8895eebb41014c40666339c9547a5
                )

        )

)

.============================ POST REQUEST ==========================.
[2016/10/06 04:15:10] Postback payload: Array
(
    [step] => downloadCore
    [meta] => Array
        (
            [core] => Array
                (
                    [hash] => d8d567e2cf6a4e17ae1f41ea6e5e201b
                    [build] => 365
                    [uhash] => ce29cdb155c0bf15db178efc1a1c7095
                )

            [themes] => Array
                (
                    [FabricioRabelo.Squad] => 51d8895eebb41014c40666339c9547a5
                )

        )

    [handler] => onInstallStep
)

[2016/10/06 04:15:10] Install step: downloadCore
[2016/10/06 04:15:19] Saving to file (core): /Users/agyrafa/sites/fallin/install_files/temp/a74ad8dfacd4f985eb3977517615ce25.arc
[2016/10/06 04:15:19] Step downloadCore +OK
[2016/10/06 04:15:19] Execute handler (onInstallStep): Array
(
    [result] => 
)

.============================ POST REQUEST ==========================.
[2016/10/06 04:15:19] Postback payload: Array
(
    [step] => downloadTheme
    [meta] => Array
        (
            [core] => Array
                (
                    [hash] => d8d567e2cf6a4e17ae1f41ea6e5e201b
                    [build] => 365
                    [uhash] => ce29cdb155c0bf15db178efc1a1c7095
                )

            [themes] => Array
                (
                    [FabricioRabelo.Squad] => 51d8895eebb41014c40666339c9547a5
                )

        )

    [name] => FabricioRabelo.Squad
    [handler] => onInstallStep
)

[2016/10/06 04:15:19] Install step: downloadTheme
[2016/10/06 04:15:22] Saving to file (FabricioRabelo.Squad-theme): /Users/agyrafa/sites/fallin/install_files/temp/1ce3f3bd555f45cc4f7d2c52e1c9e143.arc
[2016/10/06 04:15:22] Step downloadTheme +OK
[2016/10/06 04:15:22] Execute handler (onInstallStep): Array
(
    [result] => 
)

.============================ POST REQUEST ==========================.
[2016/10/06 04:15:22] Postback payload: Array
(
    [step] => extractCore
    [meta] => Array
        (
            [core] => Array
                (
                    [hash] => d8d567e2cf6a4e17ae1f41ea6e5e201b
                    [build] => 365
                    [uhash] => ce29cdb155c0bf15db178efc1a1c7095
                )

            [themes] => Array
                (
                    [FabricioRabelo.Squad] => 51d8895eebb41014c40666339c9547a5
                )

        )

    [handler] => onInstallStep
)

[2016/10/06 04:15:22] Install step: extractCore
[2016/10/06 04:15:22] Extracting file (core): a74ad8dfacd4f985eb3977517615ce25.arc
[2016/10/06 04:15:59] Step extractCore +OK
[2016/10/06 04:15:59] Execute handler (onInstallStep): Array
(
    [result] => 1
)

.============================ POST REQUEST ==========================.
[2016/10/06 04:15:59] Postback payload: Array
(
    [step] => extractTheme
    [meta] => Array
        (
            [core] => Array
                (
                    [hash] => d8d567e2cf6a4e17ae1f41ea6e5e201b
                    [build] => 365
                    [uhash] => ce29cdb155c0bf15db178efc1a1c7095
                )

            [themes] => Array
                (
                    [FabricioRabelo.Squad] => 51d8895eebb41014c40666339c9547a5
                )

        )

    [name] => FabricioRabelo.Squad
    [handler] => onInstallStep
)

[2016/10/06 04:15:59] Install step: extractTheme
[2016/10/06 04:15:59] Extracting file (FabricioRabelo.Squad-theme): 1ce3f3bd555f45cc4f7d2c52e1c9e143.arc
[2016/10/06 04:15:59] Step extractTheme +OK
[2016/10/06 04:15:59] Execute handler (onInstallStep): Array
(
    [result] => 1
)

.============================ POST REQUEST ==========================.
[2016/10/06 04:16:00] Postback payload: Array
(
    [step] => setupConfig
    [meta] => Array
        (
            [core] => Array
                (
                    [hash] => d8d567e2cf6a4e17ae1f41ea6e5e201b
                    [build] => 365
                    [uhash] => ce29cdb155c0bf15db178efc1a1c7095
                )

            [themes] => Array
                (
                    [FabricioRabelo.Squad] => 51d8895eebb41014c40666339c9547a5
                )

        )

    [db_type] => mysql
    [db_host] => localhost
    [db_port] => 
    [db_name] => fallindb
    [db_user] => root
    [db_pass] => *******
    [admin_first_name] => Admin
    [admin_last_name] => Person
    [admin_email] => *******@*****.com
    [admin_login] => admin
    [admin_password] => *******
    [admin_confirm_password] => *******
    [backend_uri] => /admin
    [encryption_code] => *******
    [file_mask] => 777
    [folder_mask] => 777
    [active_theme] => FabricioRabelo.Squad
    [handler] => onInstallStep
)

[2016/10/06 04:16:00] Install step: setupConfig
[2016/10/06 07:16:02] Step setupConfig +OK
[2016/10/06 07:16:02] Execute handler (onInstallStep): Array
(
    [result] => 
)

.============================ POST REQUEST ==========================.
[2016/10/06 04:16:02] Postback payload: Array
(
    [step] => createAdmin
    [meta] => Array
        (
            [core] => Array
                (
                    [hash] => d8d567e2cf6a4e17ae1f41ea6e5e201b
                    [build] => 365
                    [uhash] => ce29cdb155c0bf15db178efc1a1c7095
                )

            [themes] => Array
                (
                    [FabricioRabelo.Squad] => 51d8895eebb41014c40666339c9547a5
                )

        )

    [db_type] => mysql
    [db_host] => localhost
    [db_port] => 
    [db_name] => fallindb
    [db_user] => root
    [db_pass] => *******
    [admin_first_name] => Admin
    [admin_last_name] => Person
    [admin_email] => *******@*****.com
    [admin_login] => admin
    [admin_password] => *******
    [admin_confirm_password] => *******
    [backend_uri] => /admin
    [encryption_code] => *******
    [file_mask] => 777
    [folder_mask] => 777
    [active_theme] => FabricioRabelo.Squad
    [handler] => onInstallStep
)

[2016/10/06 04:16:02] Install step: createAdmin
[2016/10/06 07:16:10] Step createAdmin +OK
[2016/10/06 07:16:10] Execute handler (onInstallStep): Array
(
    [result] => 
)

.============================ POST REQUEST ==========================.
[2016/10/06 04:16:11] Postback payload: Array
(
    [disableLog] => 1
)

[2016/10/06 04:16:11] Install step: setupProject
[2016/10/06 04:16:11] Step setupProject +OK
[2016/10/06 04:16:11] Execute handler (onInstallStep): Array
(
    [result] => 
)

.============================ POST REQUEST ==========================.
[2016/10/06 04:16:11] Postback payload: Array
(
    [step] => finishInstall
    [meta] => Array
        (
            [core] => Array
                (
                    [hash] => d8d567e2cf6a4e17ae1f41ea6e5e201b
                    [build] => 365
                    [uhash] => ce29cdb155c0bf15db178efc1a1c7095
                )

            [themes] => Array
                (
                    [FabricioRabelo.Squad] => 51d8895eebb41014c40666339c9547a5
                )

        )

    [hash] => d8d567e2cf6a4e17ae1f41ea6e5e201b
    [build] => 365
    [uhash] => ce29cdb155c0bf15db178efc1a1c7095
    [handler] => onInstallStep
)

[2016/10/06 04:16:11] Install step: finishInstall
[2016/10/06 07:16:13] Cleaning up file: 1ce3f3bd555f45cc4f7d2c52e1c9e143.arc
[2016/10/06 07:16:13] Cleaning up file: a74ad8dfacd4f985eb3977517615ce25.arc
[2016/10/06 07:16:13] Step finishInstall +OK
[2016/10/06 07:16:13] Execute handler (onInstallStep): Array
(
    [result] => 
)

